{"message":"'content' is required","level":"error"}
{"message":"'content' is required","level":"error"}
{"message":"'name' is required","level":"error"}
{"message":"'name' is required","level":"error"}
{"message":"'content' is required","level":"error"}
{"message":"Folder with id 1 created","level":"info"}
{"message":"'name' is required","level":"error"}
{"message":"'content' is required","level":"error"}
{"message":"Folder with id 1 created","level":"info"}
{"message":"Note with id 2 created","level":"info"}
{"message":"Folder with id 3 created","level":"info"}
{"message":"Folder with id 4 created","level":"info"}
{"message":"Folder with id 5 created","level":"info"}
{"message":"'note_name' is required","level":"error"}
{"message":"Folder with id 6 created","level":"info"}
{"message":"Folder with id 7 created","level":"info"}
{"message":"Folder with id 1 created","level":"info"}
{"message":"Folder with id 2 created","level":"info"}
{"message":"Folder with id 3 created","level":"info"}
{"message":"Folder with id 4 created","level":"info"}
{"message":"Folder with id 5 created","level":"info"}
{"message":"Folder with id 6 created","level":"info"}
{"message":"'note_name' is required","level":"error"}
{"message":"Note with id 1 created","level":"info"}
{"message":"Note with id 1 created","level":"info"}
{"message":"Note with id 9 created","level":"info"}
{"message":"Note with id 10 created","level":"info"}
{"message":"Note with id 11 created","level":"info"}
{"message":"Note with id 12 created","level":"info"}
